info it worked if it ends with ok
verbose cli [ 'node', '/home/tomb/local/node/bin/npm', 'publish' ]
info using npm@1.0.106
info using node@v0.4.12
verbose config file /home/tomb/.npmrc
verbose config file /home/tomb/local/node/etc/npmrc
verbose config file /home/tomb/local/node/lib/node_modules/npm/npmrc
verbose publish [ '.' ]
verbose cache add [ '.', null ]
silly cache add: name, spec, args [ undefined, '.', [ '.', null ] ]
verbose parsed url { pathname: '.', href: '.' }
ERR! Could not install: .
ERR! Failed to parse json
ERR! Unexpected token }
ERR! File: package.json
ERR! JSON.parse Failed to parse package.json data.
ERR! JSON.parse package.json must be actual JSON, not just JavaScript.
ERR! JSON.parse This is not a bug in npm.
ERR! JSON.parse Tell the package author to fix their package.json file.
ERR! 
ERR! System Linux 3.0.4-linode38
ERR! command "node" "/home/tomb/local/node/bin/npm" "publish"
ERR! cwd /home/tomb/Development/hubot-twilio
ERR! node -v v0.4.12
ERR! npm -v 1.0.106
ERR! file package.json
ERR! code EJSONPARSE
verbose exit [ 1, true ]
